[10-Dec-2025 06:41:16 UTC] Notification API: User not logged in
[10-Dec-2025 06:41:35 UTC] Notification API: User not logged in
[10-Dec-2025 06:41:46 UTC] Notification API: User not logged in
[10-Dec-2025 06:41:50 UTC] Notification API: User not logged in
[10-Dec-2025 06:42:16 UTC] Notification API: User not logged in
[10-Dec-2025 06:42:16 UTC] Notification API: User not logged in
[10-Dec-2025 06:42:46 UTC] Notification API: User not logged in
[10-Dec-2025 06:42:46 UTC] Notification API: User not logged in
[10-Dec-2025 06:43:16 UTC] Notification API: User not logged in
[10-Dec-2025 06:43:35 UTC] Notification API: User not logged in
[10-Dec-2025 06:43:46 UTC] Notification API: User not logged in
[10-Dec-2025 06:44:16 UTC] Notification API: User not logged in
[10-Dec-2025 06:44:35 UTC] Notification API: User not logged in
[10-Dec-2025 06:44:46 UTC] Notification API: User not logged in
[10-Dec-2025 06:45:16 UTC] Notification API: User not logged in
[10-Dec-2025 06:45:35 UTC] Notification API: User not logged in
[10-Dec-2025 06:45:46 UTC] Notification API: User not logged in
[10-Dec-2025 06:45:47 UTC] Notification API: User not logged in
[10-Dec-2025 06:46:17 UTC] Notification API: User not logged in
[10-Dec-2025 06:46:35 UTC] Notification API: User not logged in
[10-Dec-2025 06:46:47 UTC] Notification API: User not logged in
[10-Dec-2025 06:47:05 UTC] Notification API: User not logged in
[10-Dec-2025 06:47:11 UTC] Notification API: User not logged in
[10-Dec-2025 06:47:17 UTC] Notification API: User not logged in
[10-Dec-2025 06:47:20 UTC] Notification API: User not logged in
[10-Dec-2025 06:47:23 UTC] Notification API: User not logged in
[10-Dec-2025 06:47:35 UTC] Notification API: User not logged in
[10-Dec-2025 06:47:41 UTC] Notification API: User not logged in
[10-Dec-2025 06:47:48 UTC] Notification API: User not logged in
[10-Dec-2025 06:47:50 UTC] Notification API: User not logged in
[10-Dec-2025 06:48:18 UTC] Notification API: User not logged in
[10-Dec-2025 06:48:20 UTC] Notification API: User not logged in
[10-Dec-2025 06:48:21 UTC] Notification API: User not logged in
[10-Dec-2025 06:48:24 UTC] Notification API: User not logged in
[10-Dec-2025 06:48:26 UTC] Notification API: User not logged in
[10-Dec-2025 06:48:27 UTC] Notification API: User not logged in
[10-Dec-2025 06:48:28 UTC] Notification API: User not logged in
[10-Dec-2025 06:48:35 UTC] Notification API: User not logged in
[10-Dec-2025 06:48:50 UTC] Notification API: User not logged in
[10-Dec-2025 06:48:58 UTC] Notification API: User not logged in
[10-Dec-2025 06:49:20 UTC] Notification API: User not logged in
[10-Dec-2025 06:49:23 UTC] Notification API: User not logged in
[10-Dec-2025 06:49:27 UTC] Notification API: User not logged in
[10-Dec-2025 06:49:35 UTC] Notification API: User not logged in
[10-Dec-2025 06:49:47 UTC] Notification API: User not logged in
[10-Dec-2025 06:49:49 UTC] Notification API: User not logged in
[10-Dec-2025 06:49:53 UTC] Notification API: User not logged in
[10-Dec-2025 06:50:23 UTC] Notification API: User ID 1 accessing notifications
[10-Dec-2025 06:50:35 UTC] Notification API: User ID 48 accessing notifications
[10-Dec-2025 06:50:54 UTC] Notification API: User ID 1 accessing notifications
[10-Dec-2025 06:50:56 UTC] Notification API: User ID 48 accessing notifications
[10-Dec-2025 06:51:05 UTC] Notification API: User ID 1 accessing notifications
[10-Dec-2025 06:51:16 UTC] Notification API: User ID 1 accessing notifications
[10-Dec-2025 06:51:35 UTC] Notification API: User ID 48 accessing notifications
[10-Dec-2025 06:51:47 UTC] Notification API: User ID 1 accessing notifications
[10-Dec-2025 06:52:17 UTC] Notification API: User ID 1 accessing notifications
[10-Dec-2025 06:52:35 UTC] Notification API: User ID 48 accessing notifications
[10-Dec-2025 06:52:47 UTC] Notification API: User ID 1 accessing notifications
[10-Dec-2025 06:53:18 UTC] Notification API: User ID 1 accessing notifications
[10-Dec-2025 06:53:25 UTC] Notification API: User ID 1 accessing notifications
[10-Dec-2025 06:53:35 UTC] Notification API: User ID 48 accessing notifications
[10-Dec-2025 06:53:36 UTC] Notification API: User ID 1 accessing notifications
[10-Dec-2025 06:53:55 UTC] Notification API: User ID 1 accessing notifications
[10-Dec-2025 06:54:04 UTC] Notification API: User ID 1 accessing notifications
[10-Dec-2025 06:54:08 UTC] Notification API: User ID 1 accessing notifications
[10-Dec-2025 06:54:10 UTC] Notification API: User ID 1 accessing notifications
[10-Dec-2025 06:54:11 UTC] Notification API: User ID 1 accessing notifications
[10-Dec-2025 06:54:15 UTC] Notification API: User ID 1 accessing notifications
[10-Dec-2025 06:54:36 UTC] Notification API: User ID 48 accessing notifications
[10-Dec-2025 06:54:45 UTC] Notification API: User ID 1 accessing notifications
[10-Dec-2025 06:55:15 UTC] Notification API: User ID 1 accessing notifications
[10-Dec-2025 06:55:35 UTC] Notification API: User ID 48 accessing notifications
[10-Dec-2025 06:55:45 UTC] Notification API: User ID 1 accessing notifications
[10-Dec-2025 06:55:47 UTC] Notification API: User ID 1 accessing notifications
[10-Dec-2025 06:55:49 UTC] Notification API: User ID 1 accessing notifications
[10-Dec-2025 06:55:50 UTC] Notification API: User ID 1 accessing notifications
[10-Dec-2025 06:55:55 UTC] Notification API: User ID 1 accessing notifications
[10-Dec-2025 06:55:57 UTC] Notification API: User ID 1 accessing notifications
[10-Dec-2025 06:56:27 UTC] Notification API: User ID 1 accessing notifications
[10-Dec-2025 06:56:35 UTC] Notification API: User ID 48 accessing notifications
[10-Dec-2025 06:56:57 UTC] Notification API: User ID 1 accessing notifications
[10-Dec-2025 06:56:59 UTC] Notification API: User ID 1 accessing notifications
[10-Dec-2025 06:57:29 UTC] Notification API: User ID 1 accessing notifications
[10-Dec-2025 06:57:35 UTC] Notification API: User ID 48 accessing notifications
[10-Dec-2025 06:57:44 UTC] Notification API: User ID 1 accessing notifications
[10-Dec-2025 06:57:46 UTC] Notification API: User ID 1 accessing notifications
[10-Dec-2025 06:57:49 UTC] Notification API: User ID 1 accessing notifications
[10-Dec-2025 06:57:52 UTC] Notification API: User ID 1 accessing notifications
[10-Dec-2025 06:57:53 UTC] Notification API: User ID 1 accessing notifications
[10-Dec-2025 06:57:57 UTC] Notification API: User ID 1 accessing notifications
[10-Dec-2025 06:58:27 UTC] Notification API: User ID 1 accessing notifications
[10-Dec-2025 06:58:35 UTC] Notification API: User ID 48 accessing notifications
[10-Dec-2025 06:58:42 UTC] Notification API: User ID 1 accessing notifications
[10-Dec-2025 06:58:42 UTC] Notification API: User ID 1 accessing notifications
[10-Dec-2025 06:58:44 UTC] Notification API: User ID 1 accessing notifications
[10-Dec-2025 06:58:46 UTC] Notification API: User ID 1 accessing notifications
[10-Dec-2025 06:58:48 UTC] Notification API: User ID 1 accessing notifications
[10-Dec-2025 06:58:49 UTC] Notification API: User ID 1 accessing notifications
[10-Dec-2025 06:58:52 UTC] Notification API: User ID 1 accessing notifications
[10-Dec-2025 06:58:56 UTC] Notification API: User ID 1 accessing notifications
[10-Dec-2025 06:58:58 UTC] Notification API: User ID 1 accessing notifications
[10-Dec-2025 06:59:01 UTC] Notification API: User ID 1 accessing notifications
[10-Dec-2025 06:59:03 UTC] Notification API: User ID 1 accessing notifications
[10-Dec-2025 06:59:33 UTC] Notification API: User ID 1 accessing notifications
[10-Dec-2025 06:59:35 UTC] Notification API: User ID 48 accessing notifications
[10-Dec-2025 07:00:03 UTC] Notification API: User ID 1 accessing notifications
[10-Dec-2025 07:00:33 UTC] Notification API: User ID 1 accessing notifications
[10-Dec-2025 07:00:35 UTC] Notification API: User ID 48 accessing notifications
[10-Dec-2025 07:01:03 UTC] Notification API: User ID 1 accessing notifications
[10-Dec-2025 07:01:33 UTC] Notification API: User ID 1 accessing notifications
[10-Dec-2025 07:01:35 UTC] Notification API: User ID 48 accessing notifications
[10-Dec-2025 07:02:03 UTC] Notification API: User ID 1 accessing notifications
[10-Dec-2025 07:02:33 UTC] Notification API: User ID 1 accessing notifications
[10-Dec-2025 07:02:35 UTC] Notification API: User ID 48 accessing notifications
[10-Dec-2025 07:03:03 UTC] Notification API: User ID 1 accessing notifications
[10-Dec-2025 07:03:33 UTC] Notification API: User ID 1 accessing notifications
[10-Dec-2025 07:03:35 UTC] Notification API: User ID 48 accessing notifications
[10-Dec-2025 07:04:03 UTC] Notification API: User ID 1 accessing notifications
[10-Dec-2025 07:04:33 UTC] Notification API: User ID 1 accessing notifications
[10-Dec-2025 07:04:35 UTC] Notification API: User ID 48 accessing notifications
[10-Dec-2025 07:05:03 UTC] Notification API: User ID 1 accessing notifications
[10-Dec-2025 07:05:33 UTC] Notification API: User ID 1 accessing notifications
[10-Dec-2025 07:05:35 UTC] Notification API: User ID 48 accessing notifications
[10-Dec-2025 07:06:05 UTC] Notification API: User ID 1 accessing notifications
[10-Dec-2025 07:06:35 UTC] Notification API: User ID 48 accessing notifications
[10-Dec-2025 07:06:35 UTC] Notification API: User ID 1 accessing notifications
[10-Dec-2025 07:07:06 UTC] Notification API: User ID 1 accessing notifications
[10-Dec-2025 07:07:35 UTC] Notification API: User ID 48 accessing notifications
[10-Dec-2025 07:07:36 UTC] Notification API: User ID 1 accessing notifications
[10-Dec-2025 07:08:06 UTC] Notification API: User ID 1 accessing notifications
[10-Dec-2025 07:08:35 UTC] Notification API: User ID 48 accessing notifications
[10-Dec-2025 07:08:36 UTC] Notification API: User ID 1 accessing notifications
[10-Dec-2025 07:09:06 UTC] Notification API: User ID 1 accessing notifications
[10-Dec-2025 07:09:34 UTC] Notification API: User ID 1 accessing notifications
[10-Dec-2025 07:09:35 UTC] Notification API: User ID 48 accessing notifications
[10-Dec-2025 07:09:35 UTC] Notification API: User ID 1 accessing notifications
[10-Dec-2025 07:09:37 UTC] Notification API: User ID 1 accessing notifications
[10-Dec-2025 07:09:38 UTC] Notification API: User ID 1 accessing notifications
[10-Dec-2025 07:09:39 UTC] Notification API: User ID 1 accessing notifications
[10-Dec-2025 07:10:00 UTC] Notification API: User ID 48 accessing notifications
[10-Dec-2025 07:10:02 UTC] Notification API: User ID 48 accessing notifications
[10-Dec-2025 07:10:04 UTC] Notification API: User ID 48 accessing notifications
[10-Dec-2025 07:10:09 UTC] Notification API: User ID 1 accessing notifications
[10-Dec-2025 07:10:11 UTC] Notification API: User ID 48 accessing notifications
[10-Dec-2025 07:10:39 UTC] Notification API: User ID 48 accessing notifications
[10-Dec-2025 07:10:41 UTC] Notification API: User ID 1 accessing notifications
[10-Dec-2025 07:10:44 UTC] Notification API: User ID 1 accessing notifications
[10-Dec-2025 07:10:47 UTC] Notification API: User ID 1 accessing notifications
[10-Dec-2025 07:10:52 UTC] Notification API: User ID 1 accessing notifications
[10-Dec-2025 07:11:10 UTC] Notification API: User ID 48 accessing notifications
[10-Dec-2025 07:11:22 UTC] Notification API: User ID 1 accessing notifications
[10-Dec-2025 07:11:40 UTC] Notification API: User ID 48 accessing notifications
[10-Dec-2025 07:11:52 UTC] Notification API: User ID 1 accessing notifications
[10-Dec-2025 07:12:10 UTC] Notification API: User ID 48 accessing notifications
[10-Dec-2025 07:12:24 UTC] Notification API: User ID 1 accessing notifications
[10-Dec-2025 07:12:40 UTC] Notification API: User ID 48 accessing notifications
[10-Dec-2025 07:12:54 UTC] Notification API: User ID 1 accessing notifications
[10-Dec-2025 07:13:10 UTC] Notification API: User ID 48 accessing notifications
[10-Dec-2025 07:13:24 UTC] Notification API: User ID 1 accessing notifications
[10-Dec-2025 07:13:40 UTC] Notification API: User ID 48 accessing notifications
[10-Dec-2025 07:13:54 UTC] Notification API: User ID 1 accessing notifications
[10-Dec-2025 07:14:10 UTC] Notification API: User ID 48 accessing notifications
[10-Dec-2025 07:14:24 UTC] Notification API: User ID 1 accessing notifications
[10-Dec-2025 07:14:54 UTC] Notification API: User ID 1 accessing notifications
[10-Dec-2025 07:15:11 UTC] Notification API: User ID 48 accessing notifications
[10-Dec-2025 07:15:24 UTC] Notification API: User ID 1 accessing notifications
[10-Dec-2025 07:15:54 UTC] Notification API: User ID 1 accessing notifications
[10-Dec-2025 07:16:12 UTC] Notification API: User ID 48 accessing notifications
[10-Dec-2025 07:16:24 UTC] Notification API: User ID 1 accessing notifications
[10-Dec-2025 07:16:54 UTC] Notification API: User ID 1 accessing notifications
[10-Dec-2025 07:17:13 UTC] Notification API: User ID 48 accessing notifications
[10-Dec-2025 07:17:24 UTC] Notification API: User ID 1 accessing notifications
[10-Dec-2025 07:17:54 UTC] Notification API: User ID 1 accessing notifications
[10-Dec-2025 07:18:14 UTC] Notification API: User ID 48 accessing notifications
[10-Dec-2025 07:18:27 UTC] Notification API: User ID 1 accessing notifications
[10-Dec-2025 07:18:57 UTC] Notification API: User ID 1 accessing notifications
[10-Dec-2025 07:19:15 UTC] Notification API: User ID 48 accessing notifications
[10-Dec-2025 07:19:27 UTC] Notification API: User ID 1 accessing notifications
[10-Dec-2025 07:19:40 UTC] Notification API: User ID 48 accessing notifications
[10-Dec-2025 07:19:57 UTC] Notification API: User ID 1 accessing notifications
[10-Dec-2025 07:20:10 UTC] Notification API: User ID 48 accessing notifications
[10-Dec-2025 07:20:31 UTC] Notification API: User ID 1 accessing notifications
[10-Dec-2025 07:20:40 UTC] Notification API: User ID 48 accessing notifications
[10-Dec-2025 07:21:01 UTC] Notification API: User ID 1 accessing notifications
[10-Dec-2025 07:21:10 UTC] Notification API: User ID 48 accessing notifications
[10-Dec-2025 07:21:32 UTC] Notification API: User ID 1 accessing notifications
[10-Dec-2025 07:21:40 UTC] Notification API: User ID 48 accessing notifications
[10-Dec-2025 07:22:02 UTC] Notification API: User ID 1 accessing notifications
[10-Dec-2025 07:22:32 UTC] Notification API: User ID 1 accessing notifications
[10-Dec-2025 07:22:35 UTC] Notification API: User ID 48 accessing notifications
[10-Dec-2025 07:23:02 UTC] Notification API: User ID 1 accessing notifications
[10-Dec-2025 07:23:32 UTC] Notification API: User ID 1 accessing notifications
[10-Dec-2025 07:23:35 UTC] Notification API: User ID 48 accessing notifications
[10-Dec-2025 07:24:02 UTC] Notification API: User ID 1 accessing notifications
[10-Dec-2025 07:24:32 UTC] Notification API: User ID 1 accessing notifications
[10-Dec-2025 07:24:35 UTC] Notification API: User ID 48 accessing notifications
[10-Dec-2025 07:25:02 UTC] Notification API: User ID 1 accessing notifications
[10-Dec-2025 07:25:32 UTC] Notification API: User ID 1 accessing notifications
[10-Dec-2025 07:25:35 UTC] Notification API: User ID 48 accessing notifications
[10-Dec-2025 07:26:02 UTC] Notification API: User ID 1 accessing notifications
[10-Dec-2025 07:26:32 UTC] Notification API: User ID 1 accessing notifications
[10-Dec-2025 07:26:35 UTC] Notification API: User ID 48 accessing notifications
[10-Dec-2025 07:27:02 UTC] Notification API: User ID 1 accessing notifications
[10-Dec-2025 07:27:32 UTC] Notification API: User ID 1 accessing notifications
[10-Dec-2025 07:27:35 UTC] Notification API: User ID 48 accessing notifications
[10-Dec-2025 07:27:43 UTC] Notification API: User ID 48 accessing notifications
[10-Dec-2025 07:28:02 UTC] Notification API: User ID 1 accessing notifications
[10-Dec-2025 07:28:10 UTC] Notification API: User ID 48 accessing notifications
[10-Dec-2025 07:28:32 UTC] Notification API: User ID 1 accessing notifications
[10-Dec-2025 07:28:40 UTC] Notification API: User ID 48 accessing notifications
[10-Dec-2025 07:29:02 UTC] Notification API: User ID 1 accessing notifications
[10-Dec-2025 07:29:10 UTC] Notification API: User ID 48 accessing notifications
[10-Dec-2025 07:29:32 UTC] Notification API: User ID 1 accessing notifications
[10-Dec-2025 07:29:40 UTC] Notification API: User ID 48 accessing notifications
[10-Dec-2025 07:30:02 UTC] Notification API: User ID 1 accessing notifications
[10-Dec-2025 07:30:32 UTC] Notification API: User ID 1 accessing notifications
[10-Dec-2025 07:30:35 UTC] Notification API: User ID 48 accessing notifications
[10-Dec-2025 07:31:02 UTC] Notification API: User ID 1 accessing notifications
[10-Dec-2025 07:31:32 UTC] Notification API: User ID 1 accessing notifications
[10-Dec-2025 07:31:35 UTC] Notification API: User ID 48 accessing notifications
[10-Dec-2025 07:31:47 UTC] Notification API: User ID 48 accessing notifications
[10-Dec-2025 07:32:02 UTC] Notification API: User ID 1 accessing notifications
[10-Dec-2025 07:32:10 UTC] Notification API: User ID 48 accessing notifications
[10-Dec-2025 07:32:32 UTC] Notification API: User ID 1 accessing notifications
[10-Dec-2025 07:32:40 UTC] Notification API: User ID 48 accessing notifications
[10-Dec-2025 07:33:02 UTC] Notification API: User ID 1 accessing notifications
[10-Dec-2025 07:33:32 UTC] Notification API: User ID 1 accessing notifications
[10-Dec-2025 07:33:35 UTC] Notification API: User ID 48 accessing notifications
[10-Dec-2025 07:34:02 UTC] Notification API: User ID 1 accessing notifications
[10-Dec-2025 07:34:32 UTC] Notification API: User ID 1 accessing notifications
[10-Dec-2025 07:34:35 UTC] Notification API: User ID 48 accessing notifications
[10-Dec-2025 07:35:02 UTC] Notification API: User ID 1 accessing notifications
[10-Dec-2025 07:35:32 UTC] Notification API: User ID 1 accessing notifications
[10-Dec-2025 07:35:35 UTC] Notification API: User ID 48 accessing notifications
[10-Dec-2025 07:36:02 UTC] Notification API: User ID 1 accessing notifications
[10-Dec-2025 07:36:32 UTC] Notification API: User ID 1 accessing notifications
[10-Dec-2025 07:36:35 UTC] Notification API: User ID 48 accessing notifications
[10-Dec-2025 07:37:02 UTC] Notification API: User ID 1 accessing notifications
[10-Dec-2025 07:37:32 UTC] Notification API: User ID 1 accessing notifications
[10-Dec-2025 07:37:35 UTC] Notification API: User ID 48 accessing notifications
[10-Dec-2025 07:37:40 UTC] Notification API: User ID 48 accessing notifications
[10-Dec-2025 07:38:02 UTC] Notification API: User ID 1 accessing notifications
[10-Dec-2025 07:38:10 UTC] Notification API: User ID 48 accessing notifications
[10-Dec-2025 07:38:32 UTC] Notification API: User ID 1 accessing notifications
[10-Dec-2025 07:38:40 UTC] Notification API: User ID 48 accessing notifications
[10-Dec-2025 07:39:02 UTC] Notification API: User ID 1 accessing notifications
[10-Dec-2025 07:39:35 UTC] Notification API: User ID 48 accessing notifications
[10-Dec-2025 07:39:35 UTC] Notification API: User ID 1 accessing notifications
[10-Dec-2025 07:40:05 UTC] Notification API: User ID 1 accessing notifications
[10-Dec-2025 07:40:35 UTC] Notification API: User ID 48 accessing notifications
[10-Dec-2025 07:40:35 UTC] Notification API: User ID 1 accessing notifications
[10-Dec-2025 07:41:05 UTC] Notification API: User ID 1 accessing notifications
[10-Dec-2025 07:41:35 UTC] Notification API: User ID 48 accessing notifications
[10-Dec-2025 07:41:35 UTC] Notification API: User ID 1 accessing notifications
[10-Dec-2025 07:42:05 UTC] Notification API: User ID 1 accessing notifications
[10-Dec-2025 07:42:35 UTC] Notification API: User ID 48 accessing notifications
[10-Dec-2025 07:42:35 UTC] Notification API: User ID 1 accessing notifications
[10-Dec-2025 07:43:05 UTC] Notification API: User ID 1 accessing notifications
[10-Dec-2025 07:43:35 UTC] Notification API: User ID 48 accessing notifications
[10-Dec-2025 07:43:35 UTC] Notification API: User ID 1 accessing notifications
[10-Dec-2025 07:44:05 UTC] Notification API: User ID 1 accessing notifications
[10-Dec-2025 07:44:35 UTC] Notification API: User ID 48 accessing notifications
[10-Dec-2025 07:44:35 UTC] Notification API: User ID 1 accessing notifications
[10-Dec-2025 07:45:06 UTC] Notification API: User ID 1 accessing notifications
[10-Dec-2025 07:45:35 UTC] Notification API: User ID 48 accessing notifications
[10-Dec-2025 07:45:36 UTC] Notification API: User ID 1 accessing notifications
[10-Dec-2025 07:46:06 UTC] Notification API: User ID 1 accessing notifications
[10-Dec-2025 07:46:35 UTC] Notification API: User ID 48 accessing notifications
[10-Dec-2025 07:46:36 UTC] Notification API: User ID 1 accessing notifications
[10-Dec-2025 07:47:06 UTC] Notification API: User ID 1 accessing notifications
[10-Dec-2025 07:47:35 UTC] Notification API: User ID 48 accessing notifications
[10-Dec-2025 07:47:36 UTC] Notification API: User ID 1 accessing notifications
[10-Dec-2025 07:48:06 UTC] Notification API: User ID 1 accessing notifications
[10-Dec-2025 07:48:35 UTC] Notification API: User ID 48 accessing notifications
[10-Dec-2025 07:48:36 UTC] Notification API: User ID 1 accessing notifications
[10-Dec-2025 07:49:07 UTC] Notification API: User ID 1 accessing notifications
[10-Dec-2025 07:49:35 UTC] Notification API: User ID 48 accessing notifications
[10-Dec-2025 07:49:37 UTC] Notification API: User ID 1 accessing notifications
[10-Dec-2025 07:50:07 UTC] Notification API: User ID 1 accessing notifications
[10-Dec-2025 07:50:35 UTC] Notification API: User ID 48 accessing notifications
[10-Dec-2025 07:50:37 UTC] Notification API: User ID 1 accessing notifications
[10-Dec-2025 07:51:07 UTC] Notification API: User ID 1 accessing notifications
[10-Dec-2025 07:51:35 UTC] Notification API: User ID 48 accessing notifications
[10-Dec-2025 07:51:37 UTC] Notification API: User ID 1 accessing notifications
[10-Dec-2025 07:52:07 UTC] Notification API: User ID 1 accessing notifications
[10-Dec-2025 07:52:35 UTC] Notification API: User ID 48 accessing notifications
[10-Dec-2025 07:52:37 UTC] Notification API: User ID 1 accessing notifications
[10-Dec-2025 07:53:07 UTC] Notification API: User ID 1 accessing notifications
[10-Dec-2025 07:53:35 UTC] Notification API: User ID 48 accessing notifications
[10-Dec-2025 07:53:37 UTC] Notification API: User ID 1 accessing notifications
[10-Dec-2025 07:54:07 UTC] Notification API: User ID 1 accessing notifications
[10-Dec-2025 07:54:35 UTC] Notification API: User ID 48 accessing notifications
[10-Dec-2025 07:54:37 UTC] Notification API: User ID 1 accessing notifications
[10-Dec-2025 07:55:07 UTC] Notification API: User ID 1 accessing notifications
[10-Dec-2025 07:55:20 UTC] Notification API: User ID 48 accessing notifications
[10-Dec-2025 07:55:37 UTC] Notification API: User ID 1 accessing notifications
[10-Dec-2025 07:55:40 UTC] Notification API: User ID 48 accessing notifications
[10-Dec-2025 07:56:07 UTC] Notification API: User ID 1 accessing notifications
[10-Dec-2025 07:56:10 UTC] Notification API: User ID 48 accessing notifications
[10-Dec-2025 07:56:37 UTC] Notification API: User ID 1 accessing notifications
[10-Dec-2025 07:57:07 UTC] Notification API: User ID 1 accessing notifications
[10-Dec-2025 07:57:11 UTC] Notification API: User ID 48 accessing notifications
[10-Dec-2025 07:57:37 UTC] Notification API: User ID 1 accessing notifications
[10-Dec-2025 07:58:07 UTC] Notification API: User ID 1 accessing notifications
[10-Dec-2025 07:58:12 UTC] Notification API: User ID 48 accessing notifications
[10-Dec-2025 07:58:37 UTC] Notification API: User ID 1 accessing notifications
[10-Dec-2025 07:59:07 UTC] Notification API: User ID 1 accessing notifications
[10-Dec-2025 07:59:13 UTC] Notification API: User ID 48 accessing notifications
[10-Dec-2025 07:59:37 UTC] Notification API: User ID 1 accessing notifications
[10-Dec-2025 08:00:07 UTC] Notification API: User ID 1 accessing notifications
[10-Dec-2025 08:00:14 UTC] Notification API: User ID 48 accessing notifications
[10-Dec-2025 08:00:37 UTC] Notification API: User ID 1 accessing notifications
[10-Dec-2025 08:01:07 UTC] Notification API: User ID 1 accessing notifications
[10-Dec-2025 08:01:15 UTC] Notification API: User ID 48 accessing notifications
[10-Dec-2025 08:01:37 UTC] Notification API: User ID 1 accessing notifications
[10-Dec-2025 08:02:07 UTC] Notification API: User ID 1 accessing notifications
[10-Dec-2025 08:02:16 UTC] Notification API: User ID 48 accessing notifications
[10-Dec-2025 08:02:37 UTC] Notification API: User ID 1 accessing notifications
[10-Dec-2025 08:03:07 UTC] Notification API: User ID 1 accessing notifications
[10-Dec-2025 08:03:17 UTC] Notification API: User ID 48 accessing notifications
[10-Dec-2025 08:03:37 UTC] Notification API: User ID 1 accessing notifications
[10-Dec-2025 08:04:07 UTC] Notification API: User ID 1 accessing notifications
[10-Dec-2025 08:04:18 UTC] Notification API: User ID 48 accessing notifications
[10-Dec-2025 08:04:37 UTC] Notification API: User ID 1 accessing notifications
[10-Dec-2025 08:05:07 UTC] Notification API: User ID 1 accessing notifications
[10-Dec-2025 08:05:19 UTC] Notification API: User ID 48 accessing notifications
[10-Dec-2025 08:05:37 UTC] Notification API: User ID 1 accessing notifications
[10-Dec-2025 08:06:07 UTC] Notification API: User ID 1 accessing notifications
[10-Dec-2025 08:06:20 UTC] Notification API: User ID 48 accessing notifications
[10-Dec-2025 08:06:37 UTC] Notification API: User ID 1 accessing notifications
[10-Dec-2025 08:07:07 UTC] Notification API: User ID 1 accessing notifications
[10-Dec-2025 08:07:21 UTC] Notification API: User ID 48 accessing notifications
[10-Dec-2025 08:07:37 UTC] Notification API: User ID 1 accessing notifications
[10-Dec-2025 08:08:07 UTC] Notification API: User ID 1 accessing notifications
[10-Dec-2025 08:08:22 UTC] Notification API: User ID 48 accessing notifications
[10-Dec-2025 08:08:37 UTC] Notification API: User ID 1 accessing notifications
[10-Dec-2025 08:09:07 UTC] Notification API: User ID 1 accessing notifications
[10-Dec-2025 08:09:23 UTC] Notification API: User ID 48 accessing notifications
[10-Dec-2025 08:09:37 UTC] Notification API: User ID 1 accessing notifications
[10-Dec-2025 08:10:07 UTC] Notification API: User ID 1 accessing notifications
[10-Dec-2025 08:10:24 UTC] Notification API: User ID 48 accessing notifications
[10-Dec-2025 08:10:37 UTC] Notification API: User ID 1 accessing notifications
[10-Dec-2025 08:11:07 UTC] Notification API: User ID 1 accessing notifications
[10-Dec-2025 08:11:25 UTC] Notification API: User ID 48 accessing notifications
[10-Dec-2025 08:11:37 UTC] Notification API: User ID 1 accessing notifications
[10-Dec-2025 08:12:07 UTC] Notification API: User ID 1 accessing notifications
[10-Dec-2025 08:12:26 UTC] Notification API: User ID 48 accessing notifications
[10-Dec-2025 08:12:38 UTC] Notification API: User ID 1 accessing notifications
[10-Dec-2025 08:13:08 UTC] Notification API: User ID 1 accessing notifications
[10-Dec-2025 08:13:27 UTC] Notification API: User ID 48 accessing notifications
[10-Dec-2025 08:13:38 UTC] Notification API: User ID 1 accessing notifications
[10-Dec-2025 08:14:09 UTC] Notification API: User ID 1 accessing notifications
[10-Dec-2025 08:14:28 UTC] Notification API: User ID 48 accessing notifications
[10-Dec-2025 08:14:39 UTC] Notification API: User ID 1 accessing notifications
[10-Dec-2025 08:15:09 UTC] Notification API: User ID 1 accessing notifications
[10-Dec-2025 08:15:29 UTC] Notification API: User ID 48 accessing notifications
[10-Dec-2025 08:15:39 UTC] Notification API: User ID 1 accessing notifications
[10-Dec-2025 08:16:09 UTC] Notification API: User ID 1 accessing notifications
[10-Dec-2025 08:16:30 UTC] Notification API: User ID 48 accessing notifications
[10-Dec-2025 08:16:39 UTC] Notification API: User ID 1 accessing notifications
[10-Dec-2025 08:17:09 UTC] Notification API: User ID 1 accessing notifications
[10-Dec-2025 08:17:31 UTC] Notification API: User ID 48 accessing notifications
[10-Dec-2025 08:17:39 UTC] Notification API: User ID 1 accessing notifications
[10-Dec-2025 08:18:09 UTC] Notification API: User ID 1 accessing notifications
[10-Dec-2025 08:18:32 UTC] Notification API: User ID 48 accessing notifications
[10-Dec-2025 08:18:39 UTC] Notification API: User ID 1 accessing notifications
[10-Dec-2025 08:19:09 UTC] Notification API: User ID 1 accessing notifications
[10-Dec-2025 08:19:33 UTC] Notification API: User ID 48 accessing notifications
[10-Dec-2025 08:19:39 UTC] Notification API: User ID 1 accessing notifications
[10-Dec-2025 08:20:09 UTC] Notification API: User ID 1 accessing notifications
[10-Dec-2025 08:20:34 UTC] Notification API: User ID 48 accessing notifications
[10-Dec-2025 08:20:39 UTC] Notification API: User ID 1 accessing notifications
[10-Dec-2025 08:21:09 UTC] Notification API: User ID 1 accessing notifications
[10-Dec-2025 08:21:35 UTC] Notification API: User ID 48 accessing notifications
[10-Dec-2025 08:21:39 UTC] Notification API: User ID 1 accessing notifications
[10-Dec-2025 08:22:09 UTC] Notification API: User ID 1 accessing notifications
[10-Dec-2025 08:22:35 UTC] Notification API: User ID 48 accessing notifications
[10-Dec-2025 08:22:39 UTC] Notification API: User ID 1 accessing notifications
[10-Dec-2025 08:23:09 UTC] Notification API: User ID 1 accessing notifications
[10-Dec-2025 08:23:35 UTC] Notification API: User ID 48 accessing notifications
[10-Dec-2025 08:23:39 UTC] Notification API: User ID 1 accessing notifications
[10-Dec-2025 08:24:09 UTC] Notification API: User ID 1 accessing notifications
[10-Dec-2025 08:24:35 UTC] Notification API: User ID 48 accessing notifications
[10-Dec-2025 08:24:39 UTC] Notification API: User ID 1 accessing notifications
[10-Dec-2025 08:25:09 UTC] Notification API: User ID 1 accessing notifications
[10-Dec-2025 08:25:35 UTC] Notification API: User ID 48 accessing notifications
[10-Dec-2025 08:25:39 UTC] Notification API: User ID 1 accessing notifications
[10-Dec-2025 08:26:09 UTC] Notification API: User ID 1 accessing notifications
[10-Dec-2025 08:26:35 UTC] Notification API: User ID 48 accessing notifications
[10-Dec-2025 08:26:39 UTC] Notification API: User ID 1 accessing notifications
[10-Dec-2025 08:27:09 UTC] Notification API: User ID 1 accessing notifications
[10-Dec-2025 08:27:35 UTC] Notification API: User ID 48 accessing notifications
[10-Dec-2025 08:27:39 UTC] Notification API: User ID 1 accessing notifications
[10-Dec-2025 08:28:09 UTC] Notification API: User ID 1 accessing notifications
[10-Dec-2025 08:28:19 UTC] Notification API: User ID 48 accessing notifications
[10-Dec-2025 08:28:39 UTC] Notification API: User ID 1 accessing notifications
[10-Dec-2025 08:28:40 UTC] Notification API: User ID 48 accessing notifications
[10-Dec-2025 08:29:09 UTC] Notification API: User ID 1 accessing notifications
[10-Dec-2025 08:29:10 UTC] Notification API: User ID 48 accessing notifications
[10-Dec-2025 08:29:39 UTC] Notification API: User ID 1 accessing notifications
[10-Dec-2025 08:30:09 UTC] Notification API: User ID 1 accessing notifications
[10-Dec-2025 08:30:11 UTC] Notification API: User ID 48 accessing notifications
[10-Dec-2025 08:30:39 UTC] Notification API: User ID 1 accessing notifications
[10-Dec-2025 08:31:02 UTC] Notification API: User ID 48 accessing notifications
[10-Dec-2025 08:31:09 UTC] Notification API: User ID 1 accessing notifications
[10-Dec-2025 08:31:10 UTC] Notification API: User ID 48 accessing notifications
[10-Dec-2025 08:31:39 UTC] Notification API: User ID 1 accessing notifications
[10-Dec-2025 08:31:40 UTC] Notification API: User ID 48 accessing notifications
[10-Dec-2025 08:32:10 UTC] Notification API: User ID 1 accessing notifications
[10-Dec-2025 08:32:35 UTC] Notification API: User ID 48 accessing notifications
[10-Dec-2025 08:32:40 UTC] Notification API: User ID 1 accessing notifications
[10-Dec-2025 08:33:10 UTC] Notification API: User ID 1 accessing notifications
[10-Dec-2025 08:33:35 UTC] Notification API: User ID 48 accessing notifications
[10-Dec-2025 08:33:41 UTC] Notification API: User ID 1 accessing notifications
[10-Dec-2025 08:34:11 UTC] Notification API: User ID 1 accessing notifications
[10-Dec-2025 08:34:35 UTC] Notification API: User ID 48 accessing notifications
[10-Dec-2025 08:34:41 UTC] Notification API: User ID 1 accessing notifications
[10-Dec-2025 08:35:11 UTC] Notification API: User ID 1 accessing notifications
[10-Dec-2025 08:35:35 UTC] Notification API: User ID 48 accessing notifications
[10-Dec-2025 08:35:41 UTC] Notification API: User ID 1 accessing notifications
[10-Dec-2025 08:36:11 UTC] Notification API: User ID 1 accessing notifications
[10-Dec-2025 08:36:35 UTC] Notification API: User ID 48 accessing notifications
[10-Dec-2025 08:36:41 UTC] Notification API: User ID 1 accessing notifications
[10-Dec-2025 08:37:11 UTC] Notification API: User ID 1 accessing notifications
[10-Dec-2025 08:37:35 UTC] Notification API: User ID 48 accessing notifications
[10-Dec-2025 08:37:41 UTC] Notification API: User ID 1 accessing notifications
[10-Dec-2025 08:38:11 UTC] Notification API: User ID 1 accessing notifications
[10-Dec-2025 08:38:35 UTC] Notification API: User ID 48 accessing notifications
[10-Dec-2025 08:38:41 UTC] Notification API: User ID 1 accessing notifications
[10-Dec-2025 08:39:11 UTC] Notification API: User ID 1 accessing notifications
[10-Dec-2025 08:39:35 UTC] Notification API: User ID 48 accessing notifications
[10-Dec-2025 08:39:41 UTC] Notification API: User ID 1 accessing notifications
[10-Dec-2025 08:40:11 UTC] Notification API: User ID 1 accessing notifications
[10-Dec-2025 08:40:35 UTC] Notification API: User ID 48 accessing notifications
[10-Dec-2025 08:40:41 UTC] Notification API: User ID 1 accessing notifications
[10-Dec-2025 08:41:11 UTC] Notification API: User ID 1 accessing notifications
[10-Dec-2025 08:41:35 UTC] Notification API: User ID 48 accessing notifications
[10-Dec-2025 08:41:41 UTC] Notification API: User ID 1 accessing notifications
[10-Dec-2025 08:42:11 UTC] Notification API: User ID 1 accessing notifications
[10-Dec-2025 08:42:11 UTC] PHP Fatal error:  Uncaught Error: Class "DatabaseHelper" not found in C:\laragon\www\ergon-site\app\models\Notification.php:39
Stack trace:
#0 C:\laragon\www\ergon-site\app\models\Notification.php(9): Notification->ensureTable()
#1 C:\laragon\www\ergon-site\api\notifications.php(26): Notification->__construct()
#2 {main}
  thrown in C:\laragon\www\ergon-site\app\models\Notification.php on line 39
[10-Dec-2025 08:42:35 UTC] Notification API: User ID 48 accessing notifications
[10-Dec-2025 08:42:35 UTC] PHP Fatal error:  Uncaught Error: Class "DatabaseHelper" not found in C:\laragon\www\ergon-site\app\models\Notification.php:39
Stack trace:
#0 C:\laragon\www\ergon-site\app\models\Notification.php(9): Notification->ensureTable()
#1 C:\laragon\www\ergon-site\api\notifications.php(26): Notification->__construct()
#2 {main}
  thrown in C:\laragon\www\ergon-site\app\models\Notification.php on line 39
[10-Dec-2025 08:42:41 UTC] Notification API: User ID 1 accessing notifications
[10-Dec-2025 08:42:41 UTC] PHP Fatal error:  Uncaught Error: Class "DatabaseHelper" not found in C:\laragon\www\ergon-site\app\models\Notification.php:39
Stack trace:
#0 C:\laragon\www\ergon-site\app\models\Notification.php(9): Notification->ensureTable()
#1 C:\laragon\www\ergon-site\api\notifications.php(26): Notification->__construct()
#2 {main}
  thrown in C:\laragon\www\ergon-site\app\models\Notification.php on line 39
[10-Dec-2025 08:43:11 UTC] Notification API: User ID 1 accessing notifications
[10-Dec-2025 08:43:11 UTC] PHP Fatal error:  Uncaught Error: Class "DatabaseHelper" not found in C:\laragon\www\ergon-site\app\models\Notification.php:39
Stack trace:
#0 C:\laragon\www\ergon-site\app\models\Notification.php(9): Notification->ensureTable()
#1 C:\laragon\www\ergon-site\api\notifications.php(26): Notification->__construct()
#2 {main}
  thrown in C:\laragon\www\ergon-site\app\models\Notification.php on line 39
[10-Dec-2025 08:43:35 UTC] Notification API: User ID 48 accessing notifications
[10-Dec-2025 08:43:35 UTC] PHP Fatal error:  Uncaught Error: Class "DatabaseHelper" not found in C:\laragon\www\ergon-site\app\models\Notification.php:39
Stack trace:
#0 C:\laragon\www\ergon-site\app\models\Notification.php(9): Notification->ensureTable()
#1 C:\laragon\www\ergon-site\api\notifications.php(26): Notification->__construct()
#2 {main}
  thrown in C:\laragon\www\ergon-site\app\models\Notification.php on line 39
[10-Dec-2025 08:43:41 UTC] Notification API: User ID 1 accessing notifications
[10-Dec-2025 08:43:41 UTC] PHP Fatal error:  Uncaught Error: Class "DatabaseHelper" not found in C:\laragon\www\ergon-site\app\models\Notification.php:39
Stack trace:
#0 C:\laragon\www\ergon-site\app\models\Notification.php(9): Notification->ensureTable()
#1 C:\laragon\www\ergon-site\api\notifications.php(26): Notification->__construct()
#2 {main}
  thrown in C:\laragon\www\ergon-site\app\models\Notification.php on line 39
[10-Dec-2025 08:44:11 UTC] Notification API: User ID 1 accessing notifications
[10-Dec-2025 08:44:11 UTC] PHP Fatal error:  Uncaught Error: Class "DatabaseHelper" not found in C:\laragon\www\ergon-site\app\models\Notification.php:39
Stack trace:
#0 C:\laragon\www\ergon-site\app\models\Notification.php(9): Notification->ensureTable()
#1 C:\laragon\www\ergon-site\api\notifications.php(26): Notification->__construct()
#2 {main}
  thrown in C:\laragon\www\ergon-site\app\models\Notification.php on line 39
[10-Dec-2025 08:44:35 UTC] Notification API: User ID 48 accessing notifications
[10-Dec-2025 08:44:35 UTC] PHP Fatal error:  Uncaught Error: Class "DatabaseHelper" not found in C:\laragon\www\ergon-site\app\models\Notification.php:39
Stack trace:
#0 C:\laragon\www\ergon-site\app\models\Notification.php(9): Notification->ensureTable()
#1 C:\laragon\www\ergon-site\api\notifications.php(26): Notification->__construct()
#2 {main}
  thrown in C:\laragon\www\ergon-site\app\models\Notification.php on line 39
[10-Dec-2025 08:44:41 UTC] Notification API: User ID 1 accessing notifications
[10-Dec-2025 08:44:41 UTC] PHP Fatal error:  Uncaught Error: Class "DatabaseHelper" not found in C:\laragon\www\ergon-site\app\models\Notification.php:39
Stack trace:
#0 C:\laragon\www\ergon-site\app\models\Notification.php(9): Notification->ensureTable()
#1 C:\laragon\www\ergon-site\api\notifications.php(26): Notification->__construct()
#2 {main}
  thrown in C:\laragon\www\ergon-site\app\models\Notification.php on line 39
[10-Dec-2025 08:45:11 UTC] Notification API: User ID 1 accessing notifications
[10-Dec-2025 08:45:11 UTC] PHP Fatal error:  Uncaught Error: Class "DatabaseHelper" not found in C:\laragon\www\ergon-site\app\models\Notification.php:39
Stack trace:
#0 C:\laragon\www\ergon-site\app\models\Notification.php(9): Notification->ensureTable()
#1 C:\laragon\www\ergon-site\api\notifications.php(26): Notification->__construct()
#2 {main}
  thrown in C:\laragon\www\ergon-site\app\models\Notification.php on line 39
[10-Dec-2025 08:45:35 UTC] Notification API: User ID 48 accessing notifications
[10-Dec-2025 08:45:35 UTC] PHP Fatal error:  Uncaught Error: Class "DatabaseHelper" not found in C:\laragon\www\ergon-site\app\models\Notification.php:39
Stack trace:
#0 C:\laragon\www\ergon-site\app\models\Notification.php(9): Notification->ensureTable()
#1 C:\laragon\www\ergon-site\api\notifications.php(26): Notification->__construct()
#2 {main}
  thrown in C:\laragon\www\ergon-site\app\models\Notification.php on line 39
[10-Dec-2025 08:45:41 UTC] Notification API: User ID 1 accessing notifications
[10-Dec-2025 08:45:41 UTC] PHP Fatal error:  Uncaught Error: Class "DatabaseHelper" not found in C:\laragon\www\ergon-site\app\models\Notification.php:39
Stack trace:
#0 C:\laragon\www\ergon-site\app\models\Notification.php(9): Notification->ensureTable()
#1 C:\laragon\www\ergon-site\api\notifications.php(26): Notification->__construct()
#2 {main}
  thrown in C:\laragon\www\ergon-site\app\models\Notification.php on line 39
[10-Dec-2025 08:46:01 UTC] Notification API: User ID 48 accessing notifications
[10-Dec-2025 08:46:01 UTC] PHP Fatal error:  Uncaught Error: Class "DatabaseHelper" not found in C:\laragon\www\ergon-site\app\models\Notification.php:39
Stack trace:
#0 C:\laragon\www\ergon-site\app\models\Notification.php(9): Notification->ensureTable()
#1 C:\laragon\www\ergon-site\api\notifications.php(26): Notification->__construct()
#2 {main}
  thrown in C:\laragon\www\ergon-site\app\models\Notification.php on line 39
[10-Dec-2025 08:46:09 UTC] Notification API: User ID 48 accessing notifications
[10-Dec-2025 08:46:09 UTC] PHP Fatal error:  Uncaught Error: Class "DatabaseHelper" not found in C:\laragon\www\ergon-site\app\models\Notification.php:39
Stack trace:
#0 C:\laragon\www\ergon-site\app\models\Notification.php(9): Notification->ensureTable()
#1 C:\laragon\www\ergon-site\api\notifications.php(26): Notification->__construct()
#2 {main}
  thrown in C:\laragon\www\ergon-site\app\models\Notification.php on line 39
[10-Dec-2025 08:46:11 UTC] Notification API: User ID 1 accessing notifications
[10-Dec-2025 08:46:11 UTC] PHP Fatal error:  Uncaught Error: Class "DatabaseHelper" not found in C:\laragon\www\ergon-site\app\models\Notification.php:39
Stack trace:
#0 C:\laragon\www\ergon-site\app\models\Notification.php(9): Notification->ensureTable()
#1 C:\laragon\www\ergon-site\api\notifications.php(26): Notification->__construct()
#2 {main}
  thrown in C:\laragon\www\ergon-site\app\models\Notification.php on line 39
[10-Dec-2025 08:46:40 UTC] Notification API: User ID 48 accessing notifications
[10-Dec-2025 08:46:40 UTC] PHP Fatal error:  Uncaught Error: Class "DatabaseHelper" not found in C:\laragon\www\ergon-site\app\models\Notification.php:39
Stack trace:
#0 C:\laragon\www\ergon-site\app\models\Notification.php(9): Notification->ensureTable()
#1 C:\laragon\www\ergon-site\api\notifications.php(26): Notification->__construct()
#2 {main}
  thrown in C:\laragon\www\ergon-site\app\models\Notification.php on line 39
[10-Dec-2025 08:46:41 UTC] Notification API: User ID 1 accessing notifications
[10-Dec-2025 08:46:41 UTC] PHP Fatal error:  Uncaught Error: Class "DatabaseHelper" not found in C:\laragon\www\ergon-site\app\models\Notification.php:39
Stack trace:
#0 C:\laragon\www\ergon-site\app\models\Notification.php(9): Notification->ensureTable()
#1 C:\laragon\www\ergon-site\api\notifications.php(26): Notification->__construct()
#2 {main}
  thrown in C:\laragon\www\ergon-site\app\models\Notification.php on line 39
[10-Dec-2025 08:47:11 UTC] Notification API: User ID 1 accessing notifications
[10-Dec-2025 08:47:11 UTC] PHP Fatal error:  Uncaught Error: Class "DatabaseHelper" not found in C:\laragon\www\ergon-site\app\models\Notification.php:39
Stack trace:
#0 C:\laragon\www\ergon-site\app\models\Notification.php(9): Notification->ensureTable()
#1 C:\laragon\www\ergon-site\api\notifications.php(26): Notification->__construct()
#2 {main}
  thrown in C:\laragon\www\ergon-site\app\models\Notification.php on line 39
[10-Dec-2025 08:47:41 UTC] Notification API: User ID 1 accessing notifications
[10-Dec-2025 08:47:41 UTC] PHP Fatal error:  Uncaught Error: Class "DatabaseHelper" not found in C:\laragon\www\ergon-site\app\models\Notification.php:39
Stack trace:
#0 C:\laragon\www\ergon-site\app\models\Notification.php(9): Notification->ensureTable()
#1 C:\laragon\www\ergon-site\api\notifications.php(26): Notification->__construct()
#2 {main}
  thrown in C:\laragon\www\ergon-site\app\models\Notification.php on line 39
[10-Dec-2025 08:48:11 UTC] Notification API: User ID 1 accessing notifications
[10-Dec-2025 08:48:11 UTC] PHP Fatal error:  Uncaught Error: Class "DatabaseHelper" not found in C:\laragon\www\ergon-site\app\models\Notification.php:39
Stack trace:
#0 C:\laragon\www\ergon-site\app\models\Notification.php(9): Notification->ensureTable()
#1 C:\laragon\www\ergon-site\api\notifications.php(26): Notification->__construct()
#2 {main}
  thrown in C:\laragon\www\ergon-site\app\models\Notification.php on line 39
[10-Dec-2025 08:48:41 UTC] Notification API: User ID 1 accessing notifications
[10-Dec-2025 08:48:41 UTC] PHP Fatal error:  Uncaught Error: Class "DatabaseHelper" not found in C:\laragon\www\ergon-site\app\models\Notification.php:39
Stack trace:
#0 C:\laragon\www\ergon-site\app\models\Notification.php(9): Notification->ensureTable()
#1 C:\laragon\www\ergon-site\api\notifications.php(26): Notification->__construct()
#2 {main}
  thrown in C:\laragon\www\ergon-site\app\models\Notification.php on line 39
[10-Dec-2025 08:48:49 UTC] Notification API: User ID 48 accessing notifications
[10-Dec-2025 08:48:49 UTC] PHP Fatal error:  Uncaught Error: Class "DatabaseHelper" not found in C:\laragon\www\ergon-site\app\models\Notification.php:39
Stack trace:
#0 C:\laragon\www\ergon-site\app\models\Notification.php(9): Notification->ensureTable()
#1 C:\laragon\www\ergon-site\api\notifications.php(26): Notification->__construct()
#2 {main}
  thrown in C:\laragon\www\ergon-site\app\models\Notification.php on line 39
[10-Dec-2025 08:49:00 UTC] Notification API: User ID 1 accessing notifications
[10-Dec-2025 08:49:00 UTC] PHP Fatal error:  Uncaught Error: Class "DatabaseHelper" not found in C:\laragon\www\ergon-site\app\models\Notification.php:39
Stack trace:
#0 C:\laragon\www\ergon-site\app\models\Notification.php(9): Notification->ensureTable()
#1 C:\laragon\www\ergon-site\api\notifications.php(26): Notification->__construct()
#2 {main}
  thrown in C:\laragon\www\ergon-site\app\models\Notification.php on line 39
[10-Dec-2025 08:49:03 UTC] Notification API: User ID 1 accessing notifications
[10-Dec-2025 08:49:03 UTC] PHP Fatal error:  Uncaught Error: Class "DatabaseHelper" not found in C:\laragon\www\ergon-site\app\models\Notification.php:39
Stack trace:
#0 C:\laragon\www\ergon-site\app\models\Notification.php(9): Notification->ensureTable()
#1 C:\laragon\www\ergon-site\api\notifications.php(26): Notification->__construct()
#2 {main}
  thrown in C:\laragon\www\ergon-site\app\models\Notification.php on line 39
[10-Dec-2025 08:49:06 UTC] Notification API: User ID 1 accessing notifications
[10-Dec-2025 08:49:06 UTC] PHP Fatal error:  Uncaught Error: Class "DatabaseHelper" not found in C:\laragon\www\ergon-site\app\models\Notification.php:39
Stack trace:
#0 C:\laragon\www\ergon-site\app\models\Notification.php(9): Notification->ensureTable()
#1 C:\laragon\www\ergon-site\api\notifications.php(26): Notification->__construct()
#2 {main}
  thrown in C:\laragon\www\ergon-site\app\models\Notification.php on line 39
[10-Dec-2025 08:49:08 UTC] Notification API: User ID 1 accessing notifications
[10-Dec-2025 08:49:08 UTC] PHP Fatal error:  Uncaught Error: Class "DatabaseHelper" not found in C:\laragon\www\ergon-site\app\models\Notification.php:39
Stack trace:
#0 C:\laragon\www\ergon-site\app\models\Notification.php(9): Notification->ensureTable()
#1 C:\laragon\www\ergon-site\api\notifications.php(26): Notification->__construct()
#2 {main}
  thrown in C:\laragon\www\ergon-site\app\models\Notification.php on line 39
[10-Dec-2025 08:49:11 UTC] Notification API: User ID 1 accessing notifications
[10-Dec-2025 08:49:11 UTC] PHP Fatal error:  Uncaught Error: Class "DatabaseHelper" not found in C:\laragon\www\ergon-site\app\models\Notification.php:39
Stack trace:
#0 C:\laragon\www\ergon-site\app\models\Notification.php(9): Notification->ensureTable()
#1 C:\laragon\www\ergon-site\api\notifications.php(26): Notification->__construct()
#2 {main}
  thrown in C:\laragon\www\ergon-site\app\models\Notification.php on line 39
[10-Dec-2025 08:49:41 UTC] Notification API: User ID 1 accessing notifications
[10-Dec-2025 08:49:41 UTC] PHP Fatal error:  Uncaught Error: Class "DatabaseHelper" not found in C:\laragon\www\ergon-site\app\models\Notification.php:39
Stack trace:
#0 C:\laragon\www\ergon-site\app\models\Notification.php(9): Notification->ensureTable()
#1 C:\laragon\www\ergon-site\api\notifications.php(26): Notification->__construct()
#2 {main}
  thrown in C:\laragon\www\ergon-site\app\models\Notification.php on line 39
[10-Dec-2025 08:49:52 UTC] Notification API: User ID 1 accessing notifications
[10-Dec-2025 08:49:52 UTC] PHP Fatal error:  Uncaught Error: Class "DatabaseHelper" not found in C:\laragon\www\ergon-site\app\models\Notification.php:39
Stack trace:
#0 C:\laragon\www\ergon-site\app\models\Notification.php(9): Notification->ensureTable()
#1 C:\laragon\www\ergon-site\api\notifications.php(26): Notification->__construct()
#2 {main}
  thrown in C:\laragon\www\ergon-site\app\models\Notification.php on line 39
[10-Dec-2025 08:49:57 UTC] Notification API: User ID 1 accessing notifications
[10-Dec-2025 08:49:57 UTC] PHP Fatal error:  Uncaught Error: Class "DatabaseHelper" not found in C:\laragon\www\ergon-site\app\models\Notification.php:39
Stack trace:
#0 C:\laragon\www\ergon-site\app\models\Notification.php(9): Notification->ensureTable()
#1 C:\laragon\www\ergon-site\api\notifications.php(26): Notification->__construct()
#2 {main}
  thrown in C:\laragon\www\ergon-site\app\models\Notification.php on line 39
[10-Dec-2025 08:50:02 UTC] Notification API: User ID 1 accessing notifications
[10-Dec-2025 08:50:02 UTC] PHP Fatal error:  Uncaught Error: Class "DatabaseHelper" not found in C:\laragon\www\ergon-site\app\models\Notification.php:39
Stack trace:
#0 C:\laragon\www\ergon-site\app\models\Notification.php(9): Notification->ensureTable()
#1 C:\laragon\www\ergon-site\api\notifications.php(26): Notification->__construct()
#2 {main}
  thrown in C:\laragon\www\ergon-site\app\models\Notification.php on line 39
[10-Dec-2025 08:50:05 UTC] Notification API: User ID 1 accessing notifications
[10-Dec-2025 08:50:05 UTC] PHP Fatal error:  Uncaught Error: Class "DatabaseHelper" not found in C:\laragon\www\ergon-site\app\models\Notification.php:39
Stack trace:
#0 C:\laragon\www\ergon-site\app\models\Notification.php(9): Notification->ensureTable()
#1 C:\laragon\www\ergon-site\api\notifications.php(26): Notification->__construct()
#2 {main}
  thrown in C:\laragon\www\ergon-site\app\models\Notification.php on line 39
[10-Dec-2025 08:50:07 UTC] Notification API: User ID 1 accessing notifications
[10-Dec-2025 08:50:07 UTC] PHP Fatal error:  Uncaught Error: Class "DatabaseHelper" not found in C:\laragon\www\ergon-site\app\models\Notification.php:39
Stack trace:
#0 C:\laragon\www\ergon-site\app\models\Notification.php(9): Notification->ensureTable()
#1 C:\laragon\www\ergon-site\api\notifications.php(26): Notification->__construct()
#2 {main}
  thrown in C:\laragon\www\ergon-site\app\models\Notification.php on line 39
[10-Dec-2025 08:50:10 UTC] Notification API: User ID 1 accessing notifications
[10-Dec-2025 08:50:10 UTC] PHP Fatal error:  Uncaught Error: Class "DatabaseHelper" not found in C:\laragon\www\ergon-site\app\models\Notification.php:39
Stack trace:
#0 C:\laragon\www\ergon-site\app\models\Notification.php(9): Notification->ensureTable()
#1 C:\laragon\www\ergon-site\api\notifications.php(26): Notification->__construct()
#2 {main}
  thrown in C:\laragon\www\ergon-site\app\models\Notification.php on line 39
[10-Dec-2025 08:50:11 UTC] Notification API: User ID 1 accessing notifications
[10-Dec-2025 08:50:11 UTC] PHP Fatal error:  Uncaught Error: Class "DatabaseHelper" not found in C:\laragon\www\ergon-site\app\models\Notification.php:39
Stack trace:
#0 C:\laragon\www\ergon-site\app\models\Notification.php(9): Notification->ensureTable()
#1 C:\laragon\www\ergon-site\api\notifications.php(26): Notification->__construct()
#2 {main}
  thrown in C:\laragon\www\ergon-site\app\models\Notification.php on line 39
[10-Dec-2025 08:50:13 UTC] Notification API: User ID 1 accessing notifications
[10-Dec-2025 08:50:13 UTC] PHP Fatal error:  Uncaught Error: Class "DatabaseHelper" not found in C:\laragon\www\ergon-site\app\models\Notification.php:39
Stack trace:
#0 C:\laragon\www\ergon-site\app\models\Notification.php(9): Notification->ensureTable()
#1 C:\laragon\www\ergon-site\api\notifications.php(26): Notification->__construct()
#2 {main}
  thrown in C:\laragon\www\ergon-site\app\models\Notification.php on line 39
[10-Dec-2025 08:50:15 UTC] Notification API: User ID 1 accessing notifications
[10-Dec-2025 08:50:15 UTC] PHP Fatal error:  Uncaught Error: Class "DatabaseHelper" not found in C:\laragon\www\ergon-site\app\models\Notification.php:39
Stack trace:
#0 C:\laragon\www\ergon-site\app\models\Notification.php(9): Notification->ensureTable()
#1 C:\laragon\www\ergon-site\api\notifications.php(26): Notification->__construct()
#2 {main}
  thrown in C:\laragon\www\ergon-site\app\models\Notification.php on line 39
[10-Dec-2025 08:50:17 UTC] Notification API: User ID 1 accessing notifications
[10-Dec-2025 08:50:17 UTC] PHP Fatal error:  Uncaught Error: Class "DatabaseHelper" not found in C:\laragon\www\ergon-site\app\models\Notification.php:39
Stack trace:
#0 C:\laragon\www\ergon-site\app\models\Notification.php(9): Notification->ensureTable()
#1 C:\laragon\www\ergon-site\api\notifications.php(26): Notification->__construct()
#2 {main}
  thrown in C:\laragon\www\ergon-site\app\models\Notification.php on line 39
[10-Dec-2025 08:50:21 UTC] Notification API: User ID 1 accessing notifications
[10-Dec-2025 08:50:21 UTC] PHP Fatal error:  Uncaught Error: Class "DatabaseHelper" not found in C:\laragon\www\ergon-site\app\models\Notification.php:39
Stack trace:
#0 C:\laragon\www\ergon-site\app\models\Notification.php(9): Notification->ensureTable()
#1 C:\laragon\www\ergon-site\api\notifications.php(26): Notification->__construct()
#2 {main}
  thrown in C:\laragon\www\ergon-site\app\models\Notification.php on line 39
[10-Dec-2025 08:50:22 UTC] Notification API: User ID 1 accessing notifications
[10-Dec-2025 08:50:22 UTC] PHP Fatal error:  Uncaught Error: Class "DatabaseHelper" not found in C:\laragon\www\ergon-site\app\models\Notification.php:39
Stack trace:
#0 C:\laragon\www\ergon-site\app\models\Notification.php(9): Notification->ensureTable()
#1 C:\laragon\www\ergon-site\api\notifications.php(26): Notification->__construct()
#2 {main}
  thrown in C:\laragon\www\ergon-site\app\models\Notification.php on line 39
[10-Dec-2025 08:50:24 UTC] Notification API: User ID 1 accessing notifications
[10-Dec-2025 08:50:24 UTC] PHP Fatal error:  Uncaught Error: Class "DatabaseHelper" not found in C:\laragon\www\ergon-site\app\models\Notification.php:39
Stack trace:
#0 C:\laragon\www\ergon-site\app\models\Notification.php(9): Notification->ensureTable()
#1 C:\laragon\www\ergon-site\api\notifications.php(26): Notification->__construct()
#2 {main}
  thrown in C:\laragon\www\ergon-site\app\models\Notification.php on line 39
[10-Dec-2025 08:50:26 UTC] Notification API: User ID 1 accessing notifications
[10-Dec-2025 08:50:26 UTC] PHP Fatal error:  Uncaught Error: Class "DatabaseHelper" not found in C:\laragon\www\ergon-site\app\models\Notification.php:39
Stack trace:
#0 C:\laragon\www\ergon-site\app\models\Notification.php(9): Notification->ensureTable()
#1 C:\laragon\www\ergon-site\api\notifications.php(26): Notification->__construct()
#2 {main}
  thrown in C:\laragon\www\ergon-site\app\models\Notification.php on line 39
[10-Dec-2025 08:50:27 UTC] Notification API: User ID 1 accessing notifications
[10-Dec-2025 08:50:27 UTC] PHP Fatal error:  Uncaught Error: Class "DatabaseHelper" not found in C:\laragon\www\ergon-site\app\models\Notification.php:39
Stack trace:
#0 C:\laragon\www\ergon-site\app\models\Notification.php(9): Notification->ensureTable()
#1 C:\laragon\www\ergon-site\api\notifications.php(26): Notification->__construct()
#2 {main}
  thrown in C:\laragon\www\ergon-site\app\models\Notification.php on line 39
[10-Dec-2025 08:50:41 UTC] Notification API: User ID 1 accessing notifications
[10-Dec-2025 08:50:41 UTC] PHP Fatal error:  Uncaught Error: Class "DatabaseHelper" not found in C:\laragon\www\ergon-site\app\models\Notification.php:39
Stack trace:
#0 C:\laragon\www\ergon-site\app\models\Notification.php(9): Notification->ensureTable()
#1 C:\laragon\www\ergon-site\api\notifications.php(26): Notification->__construct()
#2 {main}
  thrown in C:\laragon\www\ergon-site\app\models\Notification.php on line 39
[10-Dec-2025 08:50:59 UTC] Notification API: User ID 1 accessing notifications
[10-Dec-2025 08:50:59 UTC] PHP Fatal error:  Uncaught Error: Class "DatabaseHelper" not found in C:\laragon\www\ergon-site\app\models\Notification.php:39
Stack trace:
#0 C:\laragon\www\ergon-site\app\models\Notification.php(9): Notification->ensureTable()
#1 C:\laragon\www\ergon-site\api\notifications.php(26): Notification->__construct()
#2 {main}
  thrown in C:\laragon\www\ergon-site\app\models\Notification.php on line 39
[10-Dec-2025 08:51:11 UTC] Notification API: User ID 1 accessing notifications
[10-Dec-2025 08:51:11 UTC] PHP Fatal error:  Uncaught Error: Class "DatabaseHelper" not found in C:\laragon\www\ergon-site\app\models\Notification.php:39
Stack trace:
#0 C:\laragon\www\ergon-site\app\models\Notification.php(9): Notification->ensureTable()
#1 C:\laragon\www\ergon-site\api\notifications.php(26): Notification->__construct()
#2 {main}
  thrown in C:\laragon\www\ergon-site\app\models\Notification.php on line 39
[10-Dec-2025 08:51:17 UTC] Notification API: User ID 1 accessing notifications
[10-Dec-2025 08:51:17 UTC] PHP Fatal error:  Uncaught Error: Class "DatabaseHelper" not found in C:\laragon\www\ergon-site\app\models\Notification.php:39
Stack trace:
#0 C:\laragon\www\ergon-site\app\models\Notification.php(9): Notification->ensureTable()
#1 C:\laragon\www\ergon-site\api\notifications.php(26): Notification->__construct()
#2 {main}
  thrown in C:\laragon\www\ergon-site\app\models\Notification.php on line 39
[10-Dec-2025 08:51:20 UTC] Notification API: User ID 1 accessing notifications
[10-Dec-2025 08:51:20 UTC] PHP Fatal error:  Uncaught Error: Class "DatabaseHelper" not found in C:\laragon\www\ergon-site\app\models\Notification.php:39
Stack trace:
#0 C:\laragon\www\ergon-site\app\models\Notification.php(9): Notification->ensureTable()
#1 C:\laragon\www\ergon-site\api\notifications.php(26): Notification->__construct()
#2 {main}
  thrown in C:\laragon\www\ergon-site\app\models\Notification.php on line 39
[10-Dec-2025 08:51:22 UTC] Notification API: User ID 1 accessing notifications
[10-Dec-2025 08:51:22 UTC] PHP Fatal error:  Uncaught Error: Class "DatabaseHelper" not found in C:\laragon\www\ergon-site\app\models\Notification.php:39
Stack trace:
#0 C:\laragon\www\ergon-site\app\models\Notification.php(9): Notification->ensureTable()
#1 C:\laragon\www\ergon-site\api\notifications.php(26): Notification->__construct()
#2 {main}
  thrown in C:\laragon\www\ergon-site\app\models\Notification.php on line 39
[10-Dec-2025 08:51:41 UTC] Notification API: User ID 1 accessing notifications
[10-Dec-2025 08:51:41 UTC] PHP Fatal error:  Uncaught Error: Class "DatabaseHelper" not found in C:\laragon\www\ergon-site\app\models\Notification.php:39
Stack trace:
#0 C:\laragon\www\ergon-site\app\models\Notification.php(9): Notification->ensureTable()
#1 C:\laragon\www\ergon-site\api\notifications.php(26): Notification->__construct()
#2 {main}
  thrown in C:\laragon\www\ergon-site\app\models\Notification.php on line 39
[10-Dec-2025 08:51:43 UTC] Notification API: User ID 1 accessing notifications
[10-Dec-2025 08:51:43 UTC] PHP Fatal error:  Uncaught Error: Class "DatabaseHelper" not found in C:\laragon\www\ergon-site\app\models\Notification.php:39
Stack trace:
#0 C:\laragon\www\ergon-site\app\models\Notification.php(9): Notification->ensureTable()
#1 C:\laragon\www\ergon-site\api\notifications.php(26): Notification->__construct()
#2 {main}
  thrown in C:\laragon\www\ergon-site\app\models\Notification.php on line 39
[10-Dec-2025 08:52:03 UTC] Notification API: User ID 1 accessing notifications
[10-Dec-2025 08:52:03 UTC] PHP Fatal error:  Uncaught Error: Class "DatabaseHelper" not found in C:\laragon\www\ergon-site\app\models\Notification.php:39
Stack trace:
#0 C:\laragon\www\ergon-site\app\models\Notification.php(9): Notification->ensureTable()
#1 C:\laragon\www\ergon-site\api\notifications.php(26): Notification->__construct()
#2 {main}
  thrown in C:\laragon\www\ergon-site\app\models\Notification.php on line 39
[10-Dec-2025 08:52:05 UTC] Notification API: User ID 1 accessing notifications
[10-Dec-2025 08:52:05 UTC] PHP Fatal error:  Uncaught Error: Class "DatabaseHelper" not found in C:\laragon\www\ergon-site\app\models\Notification.php:39
Stack trace:
#0 C:\laragon\www\ergon-site\app\models\Notification.php(9): Notification->ensureTable()
#1 C:\laragon\www\ergon-site\api\notifications.php(26): Notification->__construct()
#2 {main}
  thrown in C:\laragon\www\ergon-site\app\models\Notification.php on line 39
[10-Dec-2025 08:52:07 UTC] Notification API: User ID 1 accessing notifications
[10-Dec-2025 08:52:07 UTC] PHP Fatal error:  Uncaught Error: Class "DatabaseHelper" not found in C:\laragon\www\ergon-site\app\models\Notification.php:39
Stack trace:
#0 C:\laragon\www\ergon-site\app\models\Notification.php(9): Notification->ensureTable()
#1 C:\laragon\www\ergon-site\api\notifications.php(26): Notification->__construct()
#2 {main}
  thrown in C:\laragon\www\ergon-site\app\models\Notification.php on line 39
[10-Dec-2025 08:52:10 UTC] Notification API: User ID 1 accessing notifications
[10-Dec-2025 08:52:10 UTC] PHP Fatal error:  Uncaught Error: Class "DatabaseHelper" not found in C:\laragon\www\ergon-site\app\models\Notification.php:39
Stack trace:
#0 C:\laragon\www\ergon-site\app\models\Notification.php(9): Notification->ensureTable()
#1 C:\laragon\www\ergon-site\api\notifications.php(26): Notification->__construct()
#2 {main}
  thrown in C:\laragon\www\ergon-site\app\models\Notification.php on line 39
[10-Dec-2025 08:52:11 UTC] Notification API: User ID 1 accessing notifications
[10-Dec-2025 08:52:11 UTC] PHP Fatal error:  Uncaught Error: Class "DatabaseHelper" not found in C:\laragon\www\ergon-site\app\models\Notification.php:39
Stack trace:
#0 C:\laragon\www\ergon-site\app\models\Notification.php(9): Notification->ensureTable()
#1 C:\laragon\www\ergon-site\api\notifications.php(26): Notification->__construct()
#2 {main}
  thrown in C:\laragon\www\ergon-site\app\models\Notification.php on line 39
[10-Dec-2025 08:52:12 UTC] Notification API: User ID 1 accessing notifications
[10-Dec-2025 08:52:12 UTC] PHP Fatal error:  Uncaught Error: Class "DatabaseHelper" not found in C:\laragon\www\ergon-site\app\models\Notification.php:39
Stack trace:
#0 C:\laragon\www\ergon-site\app\models\Notification.php(9): Notification->ensureTable()
#1 C:\laragon\www\ergon-site\api\notifications.php(26): Notification->__construct()
#2 {main}
  thrown in C:\laragon\www\ergon-site\app\models\Notification.php on line 39
[10-Dec-2025 08:52:34 UTC] Notification API: User ID 1 accessing notifications
[10-Dec-2025 08:52:34 UTC] PHP Fatal error:  Uncaught Error: Class "DatabaseHelper" not found in C:\laragon\www\ergon-site\app\models\Notification.php:39
Stack trace:
#0 C:\laragon\www\ergon-site\app\models\Notification.php(9): Notification->ensureTable()
#1 C:\laragon\www\ergon-site\api\notifications.php(26): Notification->__construct()
#2 {main}
  thrown in C:\laragon\www\ergon-site\app\models\Notification.php on line 39
[10-Dec-2025 08:52:37 UTC] Notification API: User ID 1 accessing notifications
[10-Dec-2025 08:52:37 UTC] PHP Fatal error:  Uncaught Error: Class "DatabaseHelper" not found in C:\laragon\www\ergon-site\app\models\Notification.php:39
Stack trace:
#0 C:\laragon\www\ergon-site\app\models\Notification.php(9): Notification->ensureTable()
#1 C:\laragon\www\ergon-site\api\notifications.php(26): Notification->__construct()
#2 {main}
  thrown in C:\laragon\www\ergon-site\app\models\Notification.php on line 39
[10-Dec-2025 08:52:41 UTC] Notification API: User ID 1 accessing notifications
[10-Dec-2025 08:52:41 UTC] PHP Fatal error:  Uncaught Error: Class "DatabaseHelper" not found in C:\laragon\www\ergon-site\app\models\Notification.php:39
Stack trace:
#0 C:\laragon\www\ergon-site\app\models\Notification.php(9): Notification->ensureTable()
#1 C:\laragon\www\ergon-site\api\notifications.php(26): Notification->__construct()
#2 {main}
  thrown in C:\laragon\www\ergon-site\app\models\Notification.php on line 39
[10-Dec-2025 08:53:11 UTC] Notification API: User ID 1 accessing notifications
[10-Dec-2025 08:53:11 UTC] PHP Fatal error:  Uncaught Error: Class "DatabaseHelper" not found in C:\laragon\www\ergon-site\app\models\Notification.php:39
Stack trace:
#0 C:\laragon\www\ergon-site\app\models\Notification.php(9): Notification->ensureTable()
#1 C:\laragon\www\ergon-site\api\notifications.php(26): Notification->__construct()
#2 {main}
  thrown in C:\laragon\www\ergon-site\app\models\Notification.php on line 39
[10-Dec-2025 08:53:16 UTC] Notification API: User ID 1 accessing notifications
[10-Dec-2025 08:53:16 UTC] PHP Fatal error:  Uncaught Error: Class "DatabaseHelper" not found in C:\laragon\www\ergon-site\app\models\Notification.php:39
Stack trace:
#0 C:\laragon\www\ergon-site\app\models\Notification.php(9): Notification->ensureTable()
#1 C:\laragon\www\ergon-site\api\notifications.php(26): Notification->__construct()
#2 {main}
  thrown in C:\laragon\www\ergon-site\app\models\Notification.php on line 39
[10-Dec-2025 08:53:19 UTC] Notification API: User ID 1 accessing notifications
[10-Dec-2025 08:53:19 UTC] PHP Fatal error:  Uncaught Error: Class "DatabaseHelper" not found in C:\laragon\www\ergon-site\app\models\Notification.php:39
Stack trace:
#0 C:\laragon\www\ergon-site\app\models\Notification.php(9): Notification->ensureTable()
#1 C:\laragon\www\ergon-site\api\notifications.php(26): Notification->__construct()
#2 {main}
  thrown in C:\laragon\www\ergon-site\app\models\Notification.php on line 39
[10-Dec-2025 08:53:22 UTC] Notification API: User ID 1 accessing notifications
[10-Dec-2025 08:53:22 UTC] PHP Fatal error:  Uncaught Error: Class "DatabaseHelper" not found in C:\laragon\www\ergon-site\app\models\Notification.php:39
Stack trace:
#0 C:\laragon\www\ergon-site\app\models\Notification.php(9): Notification->ensureTable()
#1 C:\laragon\www\ergon-site\api\notifications.php(26): Notification->__construct()
#2 {main}
  thrown in C:\laragon\www\ergon-site\app\models\Notification.php on line 39
[10-Dec-2025 08:53:24 UTC] Notification API: User ID 1 accessing notifications
[10-Dec-2025 08:53:24 UTC] PHP Fatal error:  Uncaught Error: Class "DatabaseHelper" not found in C:\laragon\www\ergon-site\app\models\Notification.php:39
Stack trace:
#0 C:\laragon\www\ergon-site\app\models\Notification.php(9): Notification->ensureTable()
#1 C:\laragon\www\ergon-site\api\notifications.php(26): Notification->__construct()
#2 {main}
  thrown in C:\laragon\www\ergon-site\app\models\Notification.php on line 39
[10-Dec-2025 08:53:27 UTC] Notification API: User ID 1 accessing notifications
[10-Dec-2025 08:53:27 UTC] PHP Fatal error:  Uncaught Error: Class "DatabaseHelper" not found in C:\laragon\www\ergon-site\app\models\Notification.php:39
Stack trace:
#0 C:\laragon\www\ergon-site\app\models\Notification.php(9): Notification->ensureTable()
#1 C:\laragon\www\ergon-site\api\notifications.php(26): Notification->__construct()
#2 {main}
  thrown in C:\laragon\www\ergon-site\app\models\Notification.php on line 39
[10-Dec-2025 08:53:34 UTC] Notification API: User ID 37 accessing notifications
[10-Dec-2025 08:53:34 UTC] PHP Fatal error:  Uncaught Error: Class "DatabaseHelper" not found in C:\laragon\www\ergon-site\app\models\Notification.php:39
Stack trace:
#0 C:\laragon\www\ergon-site\app\models\Notification.php(9): Notification->ensureTable()
#1 C:\laragon\www\ergon-site\api\notifications.php(26): Notification->__construct()
#2 {main}
  thrown in C:\laragon\www\ergon-site\app\models\Notification.php on line 39
[10-Dec-2025 08:53:37 UTC] Notification API: User ID 37 accessing notifications
[10-Dec-2025 08:53:37 UTC] PHP Fatal error:  Uncaught Error: Class "DatabaseHelper" not found in C:\laragon\www\ergon-site\app\models\Notification.php:39
Stack trace:
#0 C:\laragon\www\ergon-site\app\models\Notification.php(9): Notification->ensureTable()
#1 C:\laragon\www\ergon-site\api\notifications.php(26): Notification->__construct()
#2 {main}
  thrown in C:\laragon\www\ergon-site\app\models\Notification.php on line 39
[10-Dec-2025 08:53:38 UTC] Notification API: User ID 37 accessing notifications
[10-Dec-2025 08:53:38 UTC] PHP Fatal error:  Uncaught Error: Class "DatabaseHelper" not found in C:\laragon\www\ergon-site\app\models\Notification.php:39
Stack trace:
#0 C:\laragon\www\ergon-site\app\models\Notification.php(9): Notification->ensureTable()
#1 C:\laragon\www\ergon-site\api\notifications.php(26): Notification->__construct()
#2 {main}
  thrown in C:\laragon\www\ergon-site\app\models\Notification.php on line 39
[10-Dec-2025 08:53:40 UTC] Notification API: User ID 37 accessing notifications
[10-Dec-2025 08:53:40 UTC] PHP Fatal error:  Uncaught Error: Class "DatabaseHelper" not found in C:\laragon\www\ergon-site\app\models\Notification.php:39
Stack trace:
#0 C:\laragon\www\ergon-site\app\models\Notification.php(9): Notification->ensureTable()
#1 C:\laragon\www\ergon-site\api\notifications.php(26): Notification->__construct()
#2 {main}
  thrown in C:\laragon\www\ergon-site\app\models\Notification.php on line 39
[10-Dec-2025 08:53:41 UTC] Notification API: User ID 1 accessing notifications
[10-Dec-2025 08:53:41 UTC] PHP Fatal error:  Uncaught Error: Class "DatabaseHelper" not found in C:\laragon\www\ergon-site\app\models\Notification.php:39
Stack trace:
#0 C:\laragon\www\ergon-site\app\models\Notification.php(9): Notification->ensureTable()
#1 C:\laragon\www\ergon-site\api\notifications.php(26): Notification->__construct()
#2 {main}
  thrown in C:\laragon\www\ergon-site\app\models\Notification.php on line 39
[10-Dec-2025 08:53:41 UTC] Notification API: User ID 37 accessing notifications
[10-Dec-2025 08:53:41 UTC] PHP Fatal error:  Uncaught Error: Class "DatabaseHelper" not found in C:\laragon\www\ergon-site\app\models\Notification.php:39
Stack trace:
#0 C:\laragon\www\ergon-site\app\models\Notification.php(9): Notification->ensureTable()
#1 C:\laragon\www\ergon-site\api\notifications.php(26): Notification->__construct()
#2 {main}
  thrown in C:\laragon\www\ergon-site\app\models\Notification.php on line 39
[10-Dec-2025 08:53:44 UTC] Notification API: User ID 37 accessing notifications
[10-Dec-2025 08:53:44 UTC] PHP Fatal error:  Uncaught Error: Class "DatabaseHelper" not found in C:\laragon\www\ergon-site\app\models\Notification.php:39
Stack trace:
#0 C:\laragon\www\ergon-site\app\models\Notification.php(9): Notification->ensureTable()
#1 C:\laragon\www\ergon-site\api\notifications.php(26): Notification->__construct()
#2 {main}
  thrown in C:\laragon\www\ergon-site\app\models\Notification.php on line 39
[10-Dec-2025 08:53:52 UTC] Notification API: User ID 37 accessing notifications
[10-Dec-2025 08:53:52 UTC] PHP Fatal error:  Uncaught Error: Class "DatabaseHelper" not found in C:\laragon\www\ergon-site\app\models\Notification.php:39
Stack trace:
#0 C:\laragon\www\ergon-site\app\models\Notification.php(9): Notification->ensureTable()
#1 C:\laragon\www\ergon-site\api\notifications.php(26): Notification->__construct()
#2 {main}
  thrown in C:\laragon\www\ergon-site\app\models\Notification.php on line 39
[10-Dec-2025 08:53:54 UTC] Notification API: User ID 37 accessing notifications
[10-Dec-2025 08:53:54 UTC] PHP Fatal error:  Uncaught Error: Class "DatabaseHelper" not found in C:\laragon\www\ergon-site\app\models\Notification.php:39
Stack trace:
#0 C:\laragon\www\ergon-site\app\models\Notification.php(9): Notification->ensureTable()
#1 C:\laragon\www\ergon-site\api\notifications.php(26): Notification->__construct()
#2 {main}
  thrown in C:\laragon\www\ergon-site\app\models\Notification.php on line 39
[10-Dec-2025 08:53:56 UTC] Notification API: User ID 37 accessing notifications
[10-Dec-2025 08:53:56 UTC] PHP Fatal error:  Uncaught Error: Class "DatabaseHelper" not found in C:\laragon\www\ergon-site\app\models\Notification.php:39
Stack trace:
#0 C:\laragon\www\ergon-site\app\models\Notification.php(9): Notification->ensureTable()
#1 C:\laragon\www\ergon-site\api\notifications.php(26): Notification->__construct()
#2 {main}
  thrown in C:\laragon\www\ergon-site\app\models\Notification.php on line 39
[10-Dec-2025 08:53:57 UTC] Notification API: User ID 37 accessing notifications
[10-Dec-2025 08:53:57 UTC] PHP Fatal error:  Uncaught Error: Class "DatabaseHelper" not found in C:\laragon\www\ergon-site\app\models\Notification.php:39
Stack trace:
#0 C:\laragon\www\ergon-site\app\models\Notification.php(9): Notification->ensureTable()
#1 C:\laragon\www\ergon-site\api\notifications.php(26): Notification->__construct()
#2 {main}
  thrown in C:\laragon\www\ergon-site\app\models\Notification.php on line 39
[10-Dec-2025 08:53:59 UTC] Notification API: User ID 37 accessing notifications
[10-Dec-2025 08:53:59 UTC] PHP Fatal error:  Uncaught Error: Class "DatabaseHelper" not found in C:\laragon\www\ergon-site\app\models\Notification.php:39
Stack trace:
#0 C:\laragon\www\ergon-site\app\models\Notification.php(9): Notification->ensureTable()
#1 C:\laragon\www\ergon-site\api\notifications.php(26): Notification->__construct()
#2 {main}
  thrown in C:\laragon\www\ergon-site\app\models\Notification.php on line 39
[10-Dec-2025 08:54:01 UTC] Notification API: User ID 37 accessing notifications
[10-Dec-2025 08:54:01 UTC] PHP Fatal error:  Uncaught Error: Class "DatabaseHelper" not found in C:\laragon\www\ergon-site\app\models\Notification.php:39
Stack trace:
#0 C:\laragon\www\ergon-site\app\models\Notification.php(9): Notification->ensureTable()
#1 C:\laragon\www\ergon-site\api\notifications.php(26): Notification->__construct()
#2 {main}
  thrown in C:\laragon\www\ergon-site\app\models\Notification.php on line 39
[10-Dec-2025 08:54:11 UTC] Notification API: User ID 1 accessing notifications
[10-Dec-2025 08:54:11 UTC] PHP Fatal error:  Uncaught Error: Class "DatabaseHelper" not found in C:\laragon\www\ergon-site\app\models\Notification.php:39
Stack trace:
#0 C:\laragon\www\ergon-site\app\models\Notification.php(9): Notification->ensureTable()
#1 C:\laragon\www\ergon-site\api\notifications.php(26): Notification->__construct()
#2 {main}
  thrown in C:\laragon\www\ergon-site\app\models\Notification.php on line 39
